<?xml version="1.0" encoding="UTF-8"?>
<!-- Generated by org.testng.reporters.JUnitReportReporter -->
<testsuite hostname="DESKTOP-2P7KUM1" failures="0" tests="1" name="testCases.TC_001_AccountRegistrationTest" time="3.056" errors="0" timestamp="2024-09-10T23:13:21 IST" skipped="0">
  <testcase classname="testCases.TC_001_AccountRegistrationTest" name="verifyAccountRegistration" time="3.056"/>
</testsuite> <!-- testCases.TC_001_AccountRegistrationTest -->
