<?xml version="1.0" encoding="UTF-8"?>
<!-- Generated by org.testng.reporters.JUnitReportReporter -->
<testsuite hostname="DESKTOP-2P7KUM1" failures="0" tests="5" name="testCases.TC003_LoginDDT" time="54.167" errors="0" timestamp="2024-09-12T16:34:15 IST" skipped="0">
  <testcase classname="testCases.TC003_LoginDDT" name="verify_LoginDDT" time="3.640"/>
  <testcase classname="testCases.TC003_LoginDDT" name="verify_LoginDDT" time="12.395"/>
  <testcase classname="testCases.TC003_LoginDDT" name="verify_LoginDDT" time="12.704"/>
  <testcase classname="testCases.TC003_LoginDDT" name="verify_LoginDDT" time="12.628"/>
  <testcase classname="testCases.TC003_LoginDDT" name="verify_LoginDDT" time="12.800"/>
</testsuite> <!-- testCases.TC003_LoginDDT -->
