<?xml version="1.0" encoding="UTF-8"?>
<!-- Generated by org.testng.reporters.JUnitReportReporter -->
<testsuite hostname="DESKTOP-2P7KUM1" failures="0" tests="1" name="testCases.TC001_AccountRegistrationTest" time="5.331" errors="0" timestamp="2024-09-11T20:20:52 IST" skipped="0">
  <testcase classname="testCases.TC001_AccountRegistrationTest" name="verifyAccountRegistration" time="5.331"/>
</testsuite> <!-- testCases.TC001_AccountRegistrationTest -->
