<?xml version="1.0" encoding="UTF-8"?>
<!-- Generated by org.testng.reporters.JUnitReportReporter -->
<testsuite hostname="DESKTOP-2P7KUM1" failures="0" tests="1" name="testCases.TC002_LoginTest" time="2.068" errors="0" timestamp="2024-09-12T15:35:15 IST" skipped="0">
  <testcase classname="testCases.TC002_LoginTest" name="verify_Login" time="2.068"/>
</testsuite> <!-- testCases.TC002_LoginTest -->
