<?xml version="1.0" encoding="UTF-8"?>
<!-- Generated by org.testng.reporters.JUnitReportReporter -->
<testsuite hostname="DESKTOP-2P7KUM1" failures="0" tests="5" name="testCases.TC003_LoginDDT" time="50.381" errors="0" timestamp="2024-09-13T00:09:14 IST" skipped="0">
  <testcase classname="testCases.TC003_LoginDDT" name="verify_LoginDDT" time="2.798"/>
  <testcase classname="testCases.TC003_LoginDDT" name="verify_LoginDDT" time="11.905"/>
  <testcase classname="testCases.TC003_LoginDDT" name="verify_LoginDDT" time="12.217"/>
  <testcase classname="testCases.TC003_LoginDDT" name="verify_LoginDDT" time="11.545"/>
  <testcase classname="testCases.TC003_LoginDDT" name="verify_LoginDDT" time="11.916"/>
</testsuite> <!-- testCases.TC003_LoginDDT -->
